0000-0cf7 : PCI Bus 0000:00
  0000-001f : dma1
  0020-0021 : pic1
  0040-0043 : timer0
  0050-0053 : timer1
  0060-0060 : keyboard
  0062-0062 : PNP0C09:00
    0062-0062 : EC data
  0064-0064 : keyboard
  0066-0066 : PNP0C09:00
    0066-0066 : EC cmd
  0070-0077 : rtc0
  0080-008f : dma page reg
  00a0-00a1 : pic2
  00c0-00df : dma2
  00f0-00ff : fpu
    00f0-00f0 : PNP0C04:00
  03c0-03df : vesafb
  0400-0453 : pnp 00:00
    0400-0403 : ACPI PM1a_EVT_BLK
    0404-0405 : ACPI PM1a_CNT_BLK
    0408-040b : ACPI PM_TMR
    0410-0415 : ACPI CPU throttle
    0420-042f : ACPI GPE0_BLK
    0430-0433 : iTCO_wdt.0.auto
      0430-0433 : iTCO_wdt
    0450-0450 : ACPI PM2_CNT_BLK
  0454-0457 : pnp 00:02
  0458-047f : pnp 00:00
    0460-047f : iTCO_wdt.0.auto
      0460-047f : iTCO_wdt
  0500-057f : pnp 00:00
  0680-069f : pnp 00:00
0cf8-0cff : PCI conf1
0d00-ffff : PCI Bus 0000:00
  1000-1003 : pnp 00:00
  1004-1013 : pnp 00:00
  164e-164f : pnp 00:00
  2000-203f : 0000:00:02.0
  2060-207f : 0000:00:1f.2
    2060-207f : ahci
  2090-2097 : 0000:00:1f.2
    2090-2097 : ahci
  2098-209f : 0000:00:1f.2
    2098-209f : ahci
  20b8-20bb : 0000:00:1f.2
    20b8-20bb : ahci
  20bc-20bf : 0000:00:1f.2
    20bc-20bf : ahci
  efa0-efbf : 0000:00:1f.3
    efa0-efbf : i801_smbus
  ffff-ffff : pnp 00:00
